SampleApp/manifest-merger-release-report.txt
-- Merging decision tree log ---
manifest
ADDED from AndroidManifest.xml:2:1
	xmlns:android
		ADDED from AndroidManifest.xml:2:11
	package
		ADDED from AndroidManifest.xml:3:5
	android:versionName
		ADDED from AndroidManifest.xml:5:5
	android:versionCode
		ADDED from AndroidManifest.xml:4:5
		INJECTED from AndroidManifest.xml:0:0
		INJECTED from AndroidManifest.xml:0:0
uses-sdk
ADDED from AndroidManifest.xml:7:5
MERGED from Android-Print-SDK:KitePrintSDK:unspecified:7:5
	android:targetSdkVersion
		ADDED from AndroidManifest.xml:9:9
		INJECTED from AndroidManifest.xml:0:0
		INJECTED from AndroidManifest.xml:0:0
	android:minSdkVersion
		ADDED from AndroidManifest.xml:8:9
		INJECTED from AndroidManifest.xml:0:0
		INJECTED from AndroidManifest.xml:0:0
uses-feature#android.hardware.camera
ADDED from AndroidManifest.xml:12:2
MERGED from Android-Print-SDK:KitePrintSDK:unspecified:12:5
	android:required
		ADDED from AndroidManifest.xml:12:55
	android:name
		ADDED from AndroidManifest.xml:12:16
uses-feature#android.hardware.camera.autofocus
ADDED from AndroidManifest.xml:13:2
MERGED from Android-Print-SDK:KitePrintSDK:unspecified:15:5
	android:required
		ADDED from AndroidManifest.xml:13:65
	android:name
		ADDED from AndroidManifest.xml:13:16
uses-feature#android.hardware.camera.flash
ADDED from AndroidManifest.xml:14:2
MERGED from Android-Print-SDK:KitePrintSDK:unspecified:18:5
	android:required
		ADDED from AndroidManifest.xml:14:61
	android:name
		ADDED from AndroidManifest.xml:14:16
uses-permission#android.permission.CAMERA
ADDED from AndroidManifest.xml:17:2
MERGED from Android-Print-SDK:KitePrintSDK:unspecified:23:5
	android:name
		ADDED from AndroidManifest.xml:17:19
uses-permission#android.permission.VIBRATE
ADDED from AndroidManifest.xml:18:2
MERGED from Android-Print-SDK:KitePrintSDK:unspecified:24:5
	android:name
		ADDED from AndroidManifest.xml:18:19
uses-permission#android.permission.ACCESS_NETWORK_STATE
ADDED from AndroidManifest.xml:21:2
MERGED from Android-Print-SDK:KitePrintSDK:unspecified:27:5
	android:name
		ADDED from AndroidManifest.xml:21:19
uses-permission#android.permission.ACCESS_WIFI_STATE
ADDED from AndroidManifest.xml:22:2
MERGED from Android-Print-SDK:KitePrintSDK:unspecified:28:5
	android:name
		ADDED from AndroidManifest.xml:22:19
uses-permission#android.permission.INTERNET
ADDED from AndroidManifest.xml:23:2
MERGED from Android-Print-SDK:KitePrintSDK:unspecified:29:5
	android:name
		ADDED from AndroidManifest.xml:23:19
application
ADDED from AndroidManifest.xml:25:5
MERGED from Android-Print-SDK:KitePrintSDK:unspecified:39:5
	android:label
		ADDED from AndroidManifest.xml:28:9
	android:allowBackup
		ADDED from AndroidManifest.xml:26:9
	android:icon
		ADDED from AndroidManifest.xml:27:9
	android:theme
		ADDED from AndroidManifest.xml:29:9
activity#co.oceanlabs.sample.MainActivity
ADDED from AndroidManifest.xml:30:9
	android:label
		ADDED from AndroidManifest.xml:32:13
	android:name
		ADDED from AndroidManifest.xml:31:13
intent-filter#android.intent.action.MAIN+android.intent.category.LAUNCHER
ADDED from AndroidManifest.xml:33:13
action#android.intent.action.MAIN
ADDED from AndroidManifest.xml:34:17
	android:name
		ADDED from AndroidManifest.xml:34:25
category#android.intent.category.LAUNCHER
ADDED from AndroidManifest.xml:35:17
	android:name
		ADDED from AndroidManifest.xml:35:27
activity#ly.kite.checkout.PaymentActivity
ADDED from AndroidManifest.xml:40:9
MERGED from Android-Print-SDK:KitePrintSDK:unspecified:40:9
	android:screenOrientation
		ADDED from AndroidManifest.xml:43:10
	android:label
		ADDED from AndroidManifest.xml:42:10
	android:theme
		ADDED from Android-Print-SDK:KitePrintSDK:unspecified:44:13
	android:name
		ADDED from AndroidManifest.xml:41:10
activity#ly.kite.checkout.CheckoutActivity
ADDED from AndroidManifest.xml:45:6
MERGED from Android-Print-SDK:KitePrintSDK:unspecified:46:9
	android:screenOrientation
		ADDED from AndroidManifest.xml:48:10
	android:label
		ADDED from AndroidManifest.xml:47:10
	android:theme
		ADDED from Android-Print-SDK:KitePrintSDK:unspecified:50:13
	android:name
		ADDED from AndroidManifest.xml:46:10
activity#ly.kite.checkout.OrderReceiptActivity
ADDED from AndroidManifest.xml:50:6
MERGED from Android-Print-SDK:KitePrintSDK:unspecified:52:9
	android:screenOrientation
		ADDED from AndroidManifest.xml:53:10
	android:label
		ADDED from AndroidManifest.xml:52:10
	android:theme
		ADDED from Android-Print-SDK:KitePrintSDK:unspecified:56:13
	android:name
		ADDED from AndroidManifest.xml:51:10
activity#ly.kite.address.AddressBookActivity
ADDED from AndroidManifest.xml:55:6
MERGED from Android-Print-SDK:KitePrintSDK:unspecified:58:9
	android:screenOrientation
		ADDED from AndroidManifest.xml:58:10
	android:label
		ADDED from AndroidManifest.xml:57:10
	android:theme
		ADDED from Android-Print-SDK:KitePrintSDK:unspecified:62:13
	android:name
		ADDED from AndroidManifest.xml:56:10
activity#ly.kite.address.AddressEditActivity
ADDED from AndroidManifest.xml:61:6
MERGED from Android-Print-SDK:KitePrintSDK:unspecified:64:9
	android:windowSoftInputMode
		ADDED from AndroidManifest.xml:65:10
	android:screenOrientation
		ADDED from AndroidManifest.xml:64:10
	android:label
		ADDED from AndroidManifest.xml:63:10
	android:theme
		ADDED from Android-Print-SDK:KitePrintSDK:unspecified:68:13
	android:name
		ADDED from AndroidManifest.xml:62:10
activity#ly.kite.address.AddressSearchActivity
ADDED from AndroidManifest.xml:67:6
MERGED from Android-Print-SDK:KitePrintSDK:unspecified:71:9
	android:screenOrientation
		ADDED from AndroidManifest.xml:70:10
	android:label
		ADDED from AndroidManifest.xml:69:10
	android:theme
		ADDED from Android-Print-SDK:KitePrintSDK:unspecified:75:13
	android:name
		ADDED from AndroidManifest.xml:68:10
service#com.paypal.android.sdk.payments.PayPalService
ADDED from AndroidManifest.xml:74:6
MERGED from Android-Print-SDK:KitePrintSDK:unspecified:79:9
	android:exported
		ADDED from AndroidManifest.xml:76:10
	android:name
		ADDED from AndroidManifest.xml:75:10
activity#com.paypal.android.sdk.payments.PaymentActivity
ADDED from AndroidManifest.xml:78:6
MERGED from Android-Print-SDK:KitePrintSDK:unspecified:83:9
	android:theme
		ADDED from Android-Print-SDK:KitePrintSDK:unspecified:85:13
	android:name
		ADDED from AndroidManifest.xml:78:16
activity#com.paypal.android.sdk.payments.LoginActivity
ADDED from AndroidManifest.xml:79:6
MERGED from Android-Print-SDK:KitePrintSDK:unspecified:86:9
	android:theme
		ADDED from Android-Print-SDK:KitePrintSDK:unspecified:88:13
	android:name
		ADDED from AndroidManifest.xml:79:16
activity#com.paypal.android.sdk.payments.PaymentMethodActivity
ADDED from AndroidManifest.xml:80:6
MERGED from Android-Print-SDK:KitePrintSDK:unspecified:89:9
	android:theme
		ADDED from Android-Print-SDK:KitePrintSDK:unspecified:91:13
	android:name
		ADDED from AndroidManifest.xml:80:16
activity#com.paypal.android.sdk.payments.PaymentConfirmActivity
ADDED from AndroidManifest.xml:81:6
MERGED from Android-Print-SDK:KitePrintSDK:unspecified:92:9
	android:theme
		ADDED from Android-Print-SDK:KitePrintSDK:unspecified:94:13
	android:name
		ADDED from AndroidManifest.xml:81:16
activity#io.card.payment.CardIOActivity
ADDED from AndroidManifest.xml:82:6
MERGED from Android-Print-SDK:KitePrintSDK:unspecified:95:9
	android:configChanges
		ADDED from AndroidManifest.xml:84:10
	android:theme
		ADDED from Android-Print-SDK:KitePrintSDK:unspecified:98:13
	android:name
		ADDED from AndroidManifest.xml:83:10
activity#io.card.payment.DataEntryActivity
ADDED from AndroidManifest.xml:85:6
MERGED from Android-Print-SDK:KitePrintSDK:unspecified:99:9
	android:theme
		ADDED from Android-Print-SDK:KitePrintSDK:unspecified:101:13
	android:name
		ADDED from AndroidManifest.xml:85:16
android:uses-permission#android.permission.WRITE_EXTERNAL_STORAGE
ADDED from Android-Print-SDK:KitePrintSDK:unspecified:31:5
	android:maxSdkVersion
		ADDED from Android-Print-SDK:KitePrintSDK:unspecified:33:9
	android:name
		ADDED from Android-Print-SDK:KitePrintSDK:unspecified:32:9
android:uses-permission#android.permission.READ_PHONE_STATE
ADDED from Android-Print-SDK:KitePrintSDK:unspecified:34:5
	android:name
		ADDED from Android-Print-SDK:KitePrintSDK:unspecified:34:30
android:uses-permission#android.permission.READ_EXTERNAL_STORAGE
ADDED from Android-Print-SDK:KitePrintSDK:unspecified:35:5
	android:maxSdkVersion
		ADDED from Android-Print-SDK:KitePrintSDK:unspecified:37:9
	android:name
		ADDED from Android-Print-SDK:KitePrintSDK:unspecified:36:9
activity#ly.kite.checkout.TemplateSyncActivity
ADDED from Android-Print-SDK:KitePrintSDK:unspecified:102:9
	android:label
		ADDED from Android-Print-SDK:KitePrintSDK:unspecified:104:13
	android:name
		ADDED from Android-Print-SDK:KitePrintSDK:unspecified:103:13